<?xml version="1.0" encoding="UTF-8"?>
<TestRun id="2b05aba7-059e-4a9e-8287-4dc7914218cc" name="nelson@NELSON-PC 2020-10-07 12:35:40" runUser="nelson-PC\nelson" xmlns="http://microsoft.com/schemas/VisualStudio/TeamTest/2010">
  <TestSettings name="Local" id="da2c040d-0a7d-472c-a221-53522133e1ec">
    <Description>These are default test settings for a local test run.</Description>
    <Deployment enabled="false" runDeploymentRoot="nelson_NELSON-PC 2020-10-07 12_35_40">
      <DeploymentItem filename="C:\Users\nelson\Documents\Ana Beatriz\Romanos\Romanos\bin\Debug\Romanos.exe" />
    </Deployment>
    <Execution>
      <TestTypeSpecific />
      <AgentRule name="Execution Agents">
      </AgentRule>
    </Execution>
  </TestSettings>
  <Times creation="2020-10-07T12:35:40.8906250-03:00" queuing="2020-10-07T12:35:52.7812500-03:00" start="2020-10-07T12:35:53.7402343-03:00" finish="2020-10-07T12:36:44.8212890-03:00" />
  <ResultSummary outcome="Error">
    <Counters total="4" error="0" failed="0" timeout="0" aborted="0" inconclusive="0" passedButRunAborted="0" notRunnable="0" notExecuted="4" disconnected="0" warning="0" passed="0" completed="0" inProgress="0" pending="0" />
    <RunInfos>
      <RunInfo computerName="NELSON-PC" outcome="Error" timestamp="2020-10-07T12:36:44.8085937-03:00">
        <Text>Test host process exited unexpectedly.</Text>
      </RunInfo>
    </RunInfos>
  </ResultSummary>
  <TestDefinitions>
    <UnitTest name="TesteMilhar" storage="c:\users\nelson\documents\ana beatriz\romanos\romanosteste\bin\debug\romanosteste.dll" id="ca1b4478-ba63-95eb-6e8c-4de3f5e6051c">
      <Execution id="3672cd06-595c-480a-a67f-4acd3be93d71" />
      <TestMethod codeBase="C:/Users/nelson/Documents/Ana Beatriz/Romanos/RomanosTeste/bin/Debug/RomanosTeste.DLL" adapterTypeName="Microsoft.VisualStudio.TestTools.TestTypes.Unit.UnitTestAdapter, Microsoft.VisualStudio.QualityTools.Tips.UnitTest.Adapter, Version=10.0.0.0, Culture=neutral, PublicKeyToken=b03f5f7f11d50a3a" className="RomanosTeste.TesteUnitario1, RomanosTeste, Version=1.0.0.0, Culture=neutral, PublicKeyToken=null" name="TesteMilhar" />
    </UnitTest>
    <UnitTest name="TesteDezena" storage="c:\users\nelson\documents\ana beatriz\romanos\romanosteste\bin\debug\romanosteste.dll" id="b9306aa9-62ff-40b5-c2fa-b92bec365cd7">
      <Execution id="f1c2a09c-4678-4fa6-a5b2-a5d1d6d8360d" />
      <TestMethod codeBase="C:/Users/nelson/Documents/Ana Beatriz/Romanos/RomanosTeste/bin/Debug/RomanosTeste.DLL" adapterTypeName="Microsoft.VisualStudio.TestTools.TestTypes.Unit.UnitTestAdapter, Microsoft.VisualStudio.QualityTools.Tips.UnitTest.Adapter, Version=10.0.0.0, Culture=neutral, PublicKeyToken=b03f5f7f11d50a3a" className="RomanosTeste.TesteUnitario1, RomanosTeste, Version=1.0.0.0, Culture=neutral, PublicKeyToken=null" name="TesteDezena" />
    </UnitTest>
    <UnitTest name="TesteUnidade" storage="c:\users\nelson\documents\ana beatriz\romanos\romanosteste\bin\debug\romanosteste.dll" id="4f039f08-146d-bf68-6f27-9a5c915304f7">
      <Execution id="82082c45-0008-4ac2-990f-1faba3672c8d" />
      <TestMethod codeBase="C:/Users/nelson/Documents/Ana Beatriz/Romanos/RomanosTeste/bin/Debug/RomanosTeste.DLL" adapterTypeName="Microsoft.VisualStudio.TestTools.TestTypes.Unit.UnitTestAdapter, Microsoft.VisualStudio.QualityTools.Tips.UnitTest.Adapter, Version=10.0.0.0, Culture=neutral, PublicKeyToken=b03f5f7f11d50a3a" className="RomanosTeste.TesteUnitario1, RomanosTeste, Version=1.0.0.0, Culture=neutral, PublicKeyToken=null" name="TesteUnidade" />
    </UnitTest>
    <UnitTest name="TesteCentena" storage="c:\users\nelson\documents\ana beatriz\romanos\romanosteste\bin\debug\romanosteste.dll" id="0a4cbed9-ebed-875d-51e7-aa590bf3b4eb">
      <Execution id="6a0c79e0-d18d-491a-b100-29ffa99d7c55" />
      <TestMethod codeBase="C:/Users/nelson/Documents/Ana Beatriz/Romanos/RomanosTeste/bin/Debug/RomanosTeste.DLL" adapterTypeName="Microsoft.VisualStudio.TestTools.TestTypes.Unit.UnitTestAdapter, Microsoft.VisualStudio.QualityTools.Tips.UnitTest.Adapter, Version=10.0.0.0, Culture=neutral, PublicKeyToken=b03f5f7f11d50a3a" className="RomanosTeste.TesteUnitario1, RomanosTeste, Version=1.0.0.0, Culture=neutral, PublicKeyToken=null" name="TesteCentena" />
    </UnitTest>
  </TestDefinitions>
  <TestLists>
    <TestList name="Results Not in a List" id="8c84fa94-04c1-424b-9868-57a2d4851a1d" />
    <TestList name="All Loaded Results" id="19431567-8539-422a-85d7-44ee4e166bda" />
  </TestLists>
  <TestEntries>
    <TestEntry testId="0a4cbed9-ebed-875d-51e7-aa590bf3b4eb" executionId="6a0c79e0-d18d-491a-b100-29ffa99d7c55" testListId="8c84fa94-04c1-424b-9868-57a2d4851a1d" />
    <TestEntry testId="4f039f08-146d-bf68-6f27-9a5c915304f7" executionId="82082c45-0008-4ac2-990f-1faba3672c8d" testListId="8c84fa94-04c1-424b-9868-57a2d4851a1d" />
    <TestEntry testId="b9306aa9-62ff-40b5-c2fa-b92bec365cd7" executionId="f1c2a09c-4678-4fa6-a5b2-a5d1d6d8360d" testListId="8c84fa94-04c1-424b-9868-57a2d4851a1d" />
    <TestEntry testId="ca1b4478-ba63-95eb-6e8c-4de3f5e6051c" executionId="3672cd06-595c-480a-a67f-4acd3be93d71" testListId="8c84fa94-04c1-424b-9868-57a2d4851a1d" />
  </TestEntries>
  <Results>
    <UnitTestResult executionId="6a0c79e0-d18d-491a-b100-29ffa99d7c55" testId="0a4cbed9-ebed-875d-51e7-aa590bf3b4eb" testName="TesteCentena" computerName="NELSON-PC" testType="13cdc9d9-ddb5-4fa4-a97d-d965ccfc6d4b" outcome="NotExecuted" testListId="8c84fa94-04c1-424b-9868-57a2d4851a1d" relativeResultsDirectory="6a0c79e0-d18d-491a-b100-29ffa99d7c55">
    </UnitTestResult>
    <UnitTestResult executionId="82082c45-0008-4ac2-990f-1faba3672c8d" testId="4f039f08-146d-bf68-6f27-9a5c915304f7" testName="TesteUnidade" computerName="NELSON-PC" testType="13cdc9d9-ddb5-4fa4-a97d-d965ccfc6d4b" outcome="NotExecuted" testListId="8c84fa94-04c1-424b-9868-57a2d4851a1d" relativeResultsDirectory="82082c45-0008-4ac2-990f-1faba3672c8d">
    </UnitTestResult>
    <UnitTestResult executionId="f1c2a09c-4678-4fa6-a5b2-a5d1d6d8360d" testId="b9306aa9-62ff-40b5-c2fa-b92bec365cd7" testName="TesteDezena" computerName="NELSON-PC" testType="13cdc9d9-ddb5-4fa4-a97d-d965ccfc6d4b" outcome="NotExecuted" testListId="8c84fa94-04c1-424b-9868-57a2d4851a1d" relativeResultsDirectory="f1c2a09c-4678-4fa6-a5b2-a5d1d6d8360d">
    </UnitTestResult>
    <UnitTestResult executionId="3672cd06-595c-480a-a67f-4acd3be93d71" testId="ca1b4478-ba63-95eb-6e8c-4de3f5e6051c" testName="TesteMilhar" computerName="NELSON-PC" testType="13cdc9d9-ddb5-4fa4-a97d-d965ccfc6d4b" outcome="NotExecuted" testListId="8c84fa94-04c1-424b-9868-57a2d4851a1d" relativeResultsDirectory="3672cd06-595c-480a-a67f-4acd3be93d71">
    </UnitTestResult>
  </Results>
</TestRun>