<?xml version="1.0" encoding="UTF-8"?>
<TestRun id="457127f1-e2ab-42bb-b753-5a50722fc34d" name="nelson@NELSON-PC 2020-10-07 14:41:44" runUser="nelson-PC\nelson" xmlns="http://microsoft.com/schemas/VisualStudio/TeamTest/2010">
  <TestSettings name="Local" id="da2c040d-0a7d-472c-a221-53522133e1ec">
    <Description>These are default test settings for a local test run.</Description>
    <Deployment enabled="false" runDeploymentRoot="nelson_NELSON-PC 2020-10-07 14_41_44">
      <DeploymentItem filename="C:\Users\nelson\Documents\Ana Beatriz\Romanos\Romanos\bin\Debug\Romanos.exe" />
    </Deployment>
    <Execution>
      <TestTypeSpecific />
      <AgentRule name="Execution Agents">
      </AgentRule>
    </Execution>
  </TestSettings>
  <Times creation="2020-10-07T14:41:44.4345703-03:00" queuing="2020-10-07T14:41:44.4843750-03:00" start="2020-10-07T14:41:44.5361328-03:00" finish="2020-10-07T14:41:45.0869140-03:00" />
  <ResultSummary outcome="Failed">
    <Counters total="1" executed="1" error="0" failed="1" timeout="0" aborted="0" inconclusive="0" passedButRunAborted="0" notRunnable="0" notExecuted="0" disconnected="0" warning="0" passed="0" completed="0" inProgress="0" pending="0" />
  </ResultSummary>
  <TestDefinitions>
    <UnitTest name="TesteMilhar" storage="c:\users\nelson\documents\ana beatriz\romanos\romanosteste\bin\debug\romanosteste.dll" id="ca1b4478-ba63-95eb-6e8c-4de3f5e6051c">
      <Execution id="2e5cda8d-337b-4437-8dd7-f835f2edd2ad" />
      <TestMethod codeBase="C:/Users/nelson/Documents/Ana Beatriz/Romanos/RomanosTeste/bin/Debug/RomanosTeste.DLL" adapterTypeName="Microsoft.VisualStudio.TestTools.TestTypes.Unit.UnitTestAdapter, Microsoft.VisualStudio.QualityTools.Tips.UnitTest.Adapter, Version=10.0.0.0, Culture=neutral, PublicKeyToken=b03f5f7f11d50a3a" className="RomanosTeste.TesteUnitario1, RomanosTeste, Version=1.0.0.0, Culture=neutral, PublicKeyToken=null" name="TesteMilhar" />
    </UnitTest>
  </TestDefinitions>
  <TestLists>
    <TestList name="Results Not in a List" id="8c84fa94-04c1-424b-9868-57a2d4851a1d" />
    <TestList name="All Loaded Results" id="19431567-8539-422a-85d7-44ee4e166bda" />
  </TestLists>
  <TestEntries>
    <TestEntry testId="ca1b4478-ba63-95eb-6e8c-4de3f5e6051c" executionId="2e5cda8d-337b-4437-8dd7-f835f2edd2ad" testListId="8c84fa94-04c1-424b-9868-57a2d4851a1d" />
  </TestEntries>
  <Results>
    <UnitTestResult executionId="2e5cda8d-337b-4437-8dd7-f835f2edd2ad" testId="ca1b4478-ba63-95eb-6e8c-4de3f5e6051c" testName="TesteMilhar" computerName="NELSON-PC" duration="00:00:00.1051959" startTime="2020-10-07T14:41:44.5556640-03:00" endTime="2020-10-07T14:41:45.0517578-03:00" testType="13cdc9d9-ddb5-4fa4-a97d-d965ccfc6d4b" outcome="Failed" testListId="8c84fa94-04c1-424b-9868-57a2d4851a1d" relativeResultsDirectory="2e5cda8d-337b-4437-8dd7-f835f2edd2ad">
      <Output>
        <ErrorInfo>
          <Message>Assert.IsTrue failed. Algo errado no if do método ConverterParaRomano</Message>
          <StackTrace>   em RomanosTeste.TesteUnitario1.TesteMilhar() na C:\Users\nelson\Documents\Ana Beatriz\Romanos\RomanosTeste\TesteUnitario1.cs:linha 19
</StackTrace>
        </ErrorInfo>
      </Output>
    </UnitTestResult>
  </Results>
</TestRun>