<?xml version="1.0" encoding="UTF-8"?>
<TestRun id="1b7bb706-2be2-4d2c-8395-e3465f628aef" name="nelson@NELSON-PC 2020-10-07 13:36:25" runUser="nelson-PC\nelson" xmlns="http://microsoft.com/schemas/VisualStudio/TeamTest/2010">
  <TestSettings name="Local" id="da2c040d-0a7d-472c-a221-53522133e1ec">
    <Description>These are default test settings for a local test run.</Description>
    <Deployment enabled="false" runDeploymentRoot="nelson_NELSON-PC 2020-10-07 13_36_25">
      <DeploymentItem filename="C:\Users\nelson\Documents\Ana Beatriz\Romanos\Romanos\bin\Debug\Romanos.exe" />
    </Deployment>
    <Execution>
      <TestTypeSpecific />
      <AgentRule name="Execution Agents">
      </AgentRule>
    </Execution>
  </TestSettings>
  <Times creation="2020-10-07T13:36:25.4599609-03:00" queuing="2020-10-07T13:36:29.3994140-03:00" start="2020-10-07T13:36:29.8349609-03:00" finish="2020-10-07T13:36:31.0156250-03:00" />
  <ResultSummary outcome="Failed">
    <Counters total="1" executed="1" error="0" failed="1" timeout="0" aborted="0" inconclusive="0" passedButRunAborted="0" notRunnable="0" notExecuted="0" disconnected="0" warning="0" passed="0" completed="0" inProgress="0" pending="0" />
  </ResultSummary>
  <TestDefinitions>
    <UnitTest name="TesteMilhar" storage="c:\users\nelson\documents\ana beatriz\romanos\romanosteste\bin\debug\romanosteste.dll" id="ca1b4478-ba63-95eb-6e8c-4de3f5e6051c">
      <Execution id="6338e68d-7edf-4357-8c34-db775021bc3d" />
      <TestMethod codeBase="C:/Users/nelson/Documents/Ana Beatriz/Romanos/RomanosTeste/bin/Debug/RomanosTeste.DLL" adapterTypeName="Microsoft.VisualStudio.TestTools.TestTypes.Unit.UnitTestAdapter, Microsoft.VisualStudio.QualityTools.Tips.UnitTest.Adapter, Version=10.0.0.0, Culture=neutral, PublicKeyToken=b03f5f7f11d50a3a" className="RomanosTeste.TesteUnitario1, RomanosTeste, Version=1.0.0.0, Culture=neutral, PublicKeyToken=null" name="TesteMilhar" />
    </UnitTest>
  </TestDefinitions>
  <TestLists>
    <TestList name="Results Not in a List" id="8c84fa94-04c1-424b-9868-57a2d4851a1d" />
    <TestList name="All Loaded Results" id="19431567-8539-422a-85d7-44ee4e166bda" />
  </TestLists>
  <TestEntries>
    <TestEntry testId="ca1b4478-ba63-95eb-6e8c-4de3f5e6051c" executionId="6338e68d-7edf-4357-8c34-db775021bc3d" testListId="8c84fa94-04c1-424b-9868-57a2d4851a1d" />
  </TestEntries>
  <Results>
    <UnitTestResult executionId="6338e68d-7edf-4357-8c34-db775021bc3d" testId="ca1b4478-ba63-95eb-6e8c-4de3f5e6051c" testName="TesteMilhar" computerName="NELSON-PC" duration="00:00:00.4329383" startTime="2020-10-07T13:36:30.0048828-03:00" endTime="2020-10-07T13:36:30.8437500-03:00" testType="13cdc9d9-ddb5-4fa4-a97d-d965ccfc6d4b" outcome="Failed" testListId="8c84fa94-04c1-424b-9868-57a2d4851a1d" relativeResultsDirectory="6338e68d-7edf-4357-8c34-db775021bc3d">
      <Output>
        <StdOut>O algarismo romano: M</StdOut>
        <ErrorInfo>
          <Message>Test method RomanosTeste.TesteUnitario1.TesteMilhar threw exception: 
System.InvalidOperationException: Não é possível ler chaves quando o aplicativo não tem um console ou quando a entrada do console foi redirecionada de um arquivo. Tente Console.Read.</Message>
          <StackTrace>    em System.Console.ReadKey(Boolean intercept)
   em System.Console.ReadKey()
   em Romanos.NumerosRomanos.ConverterParaRomano(Int32 n) na C:\Users\nelson\Documents\Ana Beatriz\Romanos\Romanos\NumerosRomanos.cs:linha 87
   em RomanosTeste.TesteUnitario1.TesteMilhar() na C:\Users\nelson\Documents\Ana Beatriz\Romanos\RomanosTeste\TesteUnitario1.cs:linha 19
</StackTrace>
        </ErrorInfo>
      </Output>
    </UnitTestResult>
  </Results>
</TestRun>